1-2019-12-27 14:16:14 [main] INFO  com.cicoding.integration.MmWebApplication - Starting MmWebApplication on wangjundeMBP.lan with PID 4199 (/Users/wangjun/java-local/spring-boot/cicoding-web/target/classes started by wangjun in /Users/wangjun/java-local/spring-boot)
1-2019-12-27 14:16:14 [main] INFO  com.cicoding.integration.MmWebApplication - The following profiles are active: dev
1-2019-12-27 14:16:15 [main] INFO  org.springframework.data.repository.config.RepositoryConfigurationDelegate - Multiple Spring Data modules found, entering strict repository configuration mode!
1-2019-12-27 14:16:15 [main] INFO  org.springframework.data.repository.config.RepositoryConfigurationDelegate - Bootstrapping Spring Data repositories in DEFAULT mode.
1-2019-12-27 14:16:15 [main] INFO  org.springframework.data.repository.config.RepositoryConfigurationExtensionSupport - Spring Data JPA - Could not safely identify store assignment for repository candidate interface com.cicoding.integration.mongo.MyMongoRepository.
1-2019-12-27 14:16:15 [main] INFO  org.springframework.data.repository.config.RepositoryConfigurationDelegate - Finished Spring Data repository scanning in 65ms. Found 1 repository interfaces.
1-2019-12-27 14:16:15 [main] INFO  org.springframework.data.repository.config.RepositoryConfigurationDelegate - Multiple Spring Data modules found, entering strict repository configuration mode!
1-2019-12-27 14:16:15 [main] INFO  org.springframework.data.repository.config.RepositoryConfigurationDelegate - Bootstrapping Spring Data repositories in DEFAULT mode.
1-2019-12-27 14:16:15 [main] INFO  org.springframework.data.repository.config.RepositoryConfigurationExtensionSupport - Spring Data MongoDB - Could not safely identify store assignment for repository candidate interface com.cicoding.integration.UserRepository.
1-2019-12-27 14:16:15 [main] INFO  org.springframework.data.repository.config.RepositoryConfigurationDelegate - Finished Spring Data repository scanning in 8ms. Found 1 repository interfaces.
1-2019-12-27 14:16:15 [main] INFO  org.springframework.data.repository.config.RepositoryConfigurationDelegate - Multiple Spring Data modules found, entering strict repository configuration mode!
1-2019-12-27 14:16:15 [main] INFO  org.springframework.data.repository.config.RepositoryConfigurationDelegate - Bootstrapping Spring Data repositories in DEFAULT mode.
1-2019-12-27 14:16:15 [main] INFO  org.springframework.data.repository.config.RepositoryConfigurationExtensionSupport - Spring Data Redis - Could not safely identify store assignment for repository candidate interface com.cicoding.integration.mongo.MyMongoRepository.
1-2019-12-27 14:16:15 [main] INFO  org.springframework.data.repository.config.RepositoryConfigurationExtensionSupport - Spring Data Redis - Could not safely identify store assignment for repository candidate interface com.cicoding.integration.UserRepository.
1-2019-12-27 14:16:15 [main] INFO  org.springframework.data.repository.config.RepositoryConfigurationDelegate - Finished Spring Data repository scanning in 5ms. Found 0 repository interfaces.
1-2019-12-27 14:16:16 [main] INFO  org.springframework.context.support.PostProcessorRegistrationDelegate$BeanPostProcessorChecker - Bean 'org.springframework.transaction.annotation.ProxyTransactionManagementConfiguration' of type [org.springframework.transaction.annotation.ProxyTransactionManagementConfiguration$$EnhancerBySpringCGLIB$$661a0e46] is not eligible for getting processed by all BeanPostProcessors (for example: not eligible for auto-proxying)
1-2019-12-27 14:16:16 [main] INFO  org.springframework.context.support.PostProcessorRegistrationDelegate$BeanPostProcessorChecker - Bean 'org.springframework.hateoas.config.HateoasConfiguration' of type [org.springframework.hateoas.config.HateoasConfiguration$$EnhancerBySpringCGLIB$$e59a5b78] is not eligible for getting processed by all BeanPostProcessors (for example: not eligible for auto-proxying)
1-2019-12-27 14:16:16 [main] INFO  org.springframework.boot.web.embedded.tomcat.TomcatWebServer - Tomcat initialized with port(s): 8899 (http)
1-2019-12-27 14:16:16 [main] INFO  org.apache.coyote.http11.Http11NioProtocol - Initializing ProtocolHandler ["http-nio-8899"]
1-2019-12-27 14:16:16 [main] INFO  org.apache.catalina.core.StandardService - Starting service [Tomcat]
1-2019-12-27 14:16:16 [main] INFO  org.apache.catalina.core.StandardEngine - Starting Servlet Engine: Apache Tomcat/9.0.13
1-2019-12-27 14:16:16 [main] INFO  org.apache.catalina.core.AprLifecycleListener - The APR based Apache Tomcat Native library which allows optimal performance in production environments was not found on the java.library.path: [/Users/wangjun/Library/Java/Extensions:/Library/Java/Extensions:/Network/Library/Java/Extensions:/System/Library/Java/Extensions:/usr/lib/java:.]
1-2019-12-27 14:16:17 [main] INFO  org.apache.catalina.core.ContainerBase.[Tomcat].[localhost].[/] - Initializing Spring embedded WebApplicationContext
1-2019-12-27 14:16:17 [main] INFO  org.springframework.web.context.ContextLoader - Root WebApplicationContext: initialization completed in 2477 ms
1-2019-12-27 14:16:17 [main] INFO  com.alibaba.druid.pool.DruidDataSource - {dataSource-1} inited
1-2019-12-27 14:16:17 [main] INFO  org.hibernate.jpa.internal.util.LogHelper - HHH000204: Processing PersistenceUnitInfo [
	name: default
	...]
1-2019-12-27 14:16:17 [main] INFO  org.hibernate.Version - HHH000412: Hibernate Core {5.3.7.Final}
1-2019-12-27 14:16:17 [main] INFO  org.hibernate.cfg.Environment - HHH000206: hibernate.properties not found
1-2019-12-27 14:16:18 [main] INFO  org.hibernate.annotations.common.Version - HCANN000001: Hibernate Commons Annotations {5.0.4.Final}
1-2019-12-27 14:16:18 [main] INFO  org.hibernate.dialect.Dialect - HHH000400: Using dialect: org.hibernate.dialect.MySQL5Dialect
1-2019-12-27 14:16:19 [main] INFO  org.hibernate.tool.schema.internal.SchemaCreatorImpl - HHH000476: Executing import script 'org.hibernate.tool.schema.internal.exec.ScriptSourceInputNonExistentImpl@309e3f34'
1-2019-12-27 14:16:19 [main] INFO  org.springframework.orm.jpa.LocalContainerEntityManagerFactoryBean - Initialized JPA EntityManagerFactory for persistence unit 'default'
1-2019-12-27 14:16:20 [main] INFO  org.mongodb.driver.cluster - Cluster created with settings {hosts=[localhost:27017], mode=SINGLE, requiredClusterType=UNKNOWN, serverSelectionTimeout='30000 ms', maxWaitQueueSize=500}
1-2019-12-27 14:16:20 [cluster-ClusterId{value='5e05a1b4061a8a106791c23d', description='null'}-localhost:27017] INFO  org.mongodb.driver.connection - Opened connection [connectionId{localValue:1, serverValue:11}] to localhost:27017
1-2019-12-27 14:16:20 [cluster-ClusterId{value='5e05a1b4061a8a106791c23d', description='null'}-localhost:27017] INFO  org.mongodb.driver.cluster - Monitor thread successfully connected to server with description ServerDescription{address=localhost:27017, type=STANDALONE, state=CONNECTED, ok=true, version=ServerVersion{versionList=[4, 2, 1]}, minWireVersion=0, maxWireVersion=8, maxDocumentSize=16777216, logicalSessionTimeoutMinutes=30, roundTripTimeNanos=3033129}
1-2019-12-27 14:16:20 [main] WARN  org.springframework.boot.autoconfigure.orm.jpa.JpaBaseConfiguration$JpaWebConfiguration$JpaWebMvcConfiguration - spring.jpa.open-in-view is enabled by default. Therefore, database queries may be performed during view rendering. Explicitly configure spring.jpa.open-in-view to disable this warning
1-2019-12-27 14:16:21 [main] INFO  org.springframework.scheduling.concurrent.ThreadPoolTaskExecutor - Initializing ExecutorService 'applicationTaskExecutor'
1-2019-12-27 14:16:21 [main] INFO  springfox.documentation.spring.web.plugins.DocumentationPluginsBootstrapper - Context refreshed
1-2019-12-27 14:16:21 [main] INFO  springfox.documentation.spring.web.plugins.DocumentationPluginsBootstrapper - Found {0} custom documentation plugin(s)
1-2019-12-27 14:16:21 [main] INFO  springfox.documentation.spring.web.scanners.ApiListingReferenceScanner - Scanning for api listing references
1-2019-12-27 14:16:21 [main] INFO  springfox.documentation.swagger.web.ClassOrApiAnnotationResourceGrouping - Group for method list was user-controller
1-2019-12-27 14:16:21 [main] INFO  springfox.documentation.spring.web.scanners.ApiListingReferenceScanner - Request mapping: list belongs to groups: [[ResourceGroup{groupName='user-controller', position=0, controller=com.cicoding.integration.web.UserController}]] 
1-2019-12-27 14:16:21 [main] INFO  springfox.documentation.swagger.web.ClassOrApiAnnotationResourceGrouping - Group for method mongo was user-controller
1-2019-12-27 14:16:21 [main] INFO  springfox.documentation.spring.web.scanners.ApiListingReferenceScanner - Request mapping: mongo belongs to groups: [[ResourceGroup{groupName='user-controller', position=0, controller=com.cicoding.integration.web.UserController}]] 
1-2019-12-27 14:16:21 [main] INFO  springfox.documentation.swagger.web.ClassOrApiAnnotationResourceGrouping - Group for method postUser was user-controller
1-2019-12-27 14:16:21 [main] INFO  springfox.documentation.spring.web.scanners.ApiListingReferenceScanner - Request mapping: postUser belongs to groups: [[ResourceGroup{groupName='user-controller', position=0, controller=com.cicoding.integration.web.UserController}]] 
1-2019-12-27 14:16:21 [main] INFO  springfox.documentation.spring.web.scanners.ApiListingReferenceScanner - Created resource listing Path: /default/user-controller Description: user-controller Position: 0
1-2019-12-27 14:16:21 [main] INFO  springfox.documentation.schema.ModelContextKeyGenerator - Cache Key Generated: java.util.List(true)
1-2019-12-27 14:16:21 [main] INFO  springfox.documentation.spring.web.caching.CachingAspect - Caching aspect applied for cache models with key java.util.List(true)
1-2019-12-27 14:16:21 [main] INFO  springfox.documentation.schema.ModelContextKeyGenerator - Cache Key Generated: java.util.List(true)
1-2019-12-27 14:16:21 [main] INFO  springfox.documentation.spring.web.caching.CachingAspect - Caching aspect applied for cache modelDependencies with key java.util.List(true)
1-2019-12-27 14:16:21 [main] INFO  springfox.documentation.schema.property.ModelPropertiesKeyGenerator - Cache key generated: java.util.List(true)
1-2019-12-27 14:16:21 [main] INFO  springfox.documentation.spring.web.caching.CachingAspect - Caching aspect applied for cache modelProperties with key java.util.List(true)
1-2019-12-27 14:16:21 [main] INFO  springfox.documentation.spring.web.OperationsKeyGenerator - Cache key generated: /user/list.com.cicoding.integration.web.UserController.list.DefaultGenericTypeNamingStrategy
1-2019-12-27 14:16:21 [main] INFO  springfox.documentation.spring.web.caching.CachingAspect - Caching aspect applied for cache operations with key /user/list.com.cicoding.integration.web.UserController.list.DefaultGenericTypeNamingStrategy
1-2019-12-27 14:16:21 [main] INFO  springfox.documentation.swagger.web.ClassOrApiAnnotationResourceGrouping - Group for method list was user-controller
1-2019-12-27 14:16:21 [main] INFO  springfox.documentation.swagger.web.ClassOrApiAnnotationResourceGrouping - Group for method list was user-controller
1-2019-12-27 14:16:21 [main] INFO  springfox.documentation.schema.ModelContextKeyGenerator - Cache Key Generated: java.lang.String(true)
1-2019-12-27 14:16:21 [main] INFO  springfox.documentation.spring.web.caching.CachingAspect - Caching aspect applied for cache models with key java.lang.String(true)
1-2019-12-27 14:16:21 [main] INFO  springfox.documentation.schema.ModelContextKeyGenerator - Cache Key Generated: java.lang.String(true)
1-2019-12-27 14:16:21 [main] INFO  springfox.documentation.spring.web.caching.CachingAspect - Caching aspect applied for cache modelDependencies with key java.lang.String(true)
1-2019-12-27 14:16:21 [main] INFO  springfox.documentation.spring.web.OperationsKeyGenerator - Cache key generated: /user/mongo.com.cicoding.integration.web.UserController.mongo.DefaultGenericTypeNamingStrategy
1-2019-12-27 14:16:21 [main] INFO  springfox.documentation.spring.web.caching.CachingAspect - Caching aspect applied for cache operations with key /user/mongo.com.cicoding.integration.web.UserController.mongo.DefaultGenericTypeNamingStrategy
1-2019-12-27 14:16:21 [main] INFO  springfox.documentation.swagger.web.ClassOrApiAnnotationResourceGrouping - Group for method mongo was user-controller
1-2019-12-27 14:16:21 [main] INFO  springfox.documentation.swagger.web.ClassOrApiAnnotationResourceGrouping - Group for method mongo was user-controller
1-2019-12-27 14:16:21 [main] INFO  springfox.documentation.schema.ModelContextKeyGenerator - Cache Key Generated: java.lang.String(true)
1-2019-12-27 14:16:21 [main] INFO  springfox.documentation.spring.web.caching.CachingAspect - Caching aspect applied for cache models with key java.lang.String(true)
1-2019-12-27 14:16:21 [main] INFO  springfox.documentation.schema.ModelContextKeyGenerator - Cache Key Generated: java.lang.String(true)
1-2019-12-27 14:16:21 [main] INFO  springfox.documentation.spring.web.caching.CachingAspect - Caching aspect applied for cache modelDependencies with key java.lang.String(true)
1-2019-12-27 14:16:21 [main] INFO  springfox.documentation.spring.web.OperationsKeyGenerator - Cache key generated: /user/redis.com.cicoding.integration.web.UserController.postUser.DefaultGenericTypeNamingStrategy
1-2019-12-27 14:16:21 [main] INFO  springfox.documentation.spring.web.caching.CachingAspect - Caching aspect applied for cache operations with key /user/redis.com.cicoding.integration.web.UserController.postUser.DefaultGenericTypeNamingStrategy
1-2019-12-27 14:16:21 [main] INFO  springfox.documentation.swagger.web.ClassOrApiAnnotationResourceGrouping - Group for method postUser was user-controller
1-2019-12-27 14:16:21 [main] INFO  springfox.documentation.swagger.web.ClassOrApiAnnotationResourceGrouping - Group for method postUser was user-controller
1-2019-12-27 14:16:21 [main] INFO  org.apache.coyote.http11.Http11NioProtocol - Starting ProtocolHandler ["http-nio-8899"]
1-2019-12-27 14:16:21 [main] INFO  org.apache.tomcat.util.net.NioSelectorPool - Using a shared selector for servlet write/read
1-2019-12-27 14:16:21 [main] INFO  org.springframework.boot.web.embedded.tomcat.TomcatWebServer - Tomcat started on port(s): 8899 (http) with context path ''
1-2019-12-27 14:16:21 [main] INFO  com.cicoding.integration.MmWebApplication - Started MmWebApplication in 8.028 seconds (JVM running for 8.882)
1-2019-12-27 14:16:57 [Thread-18] INFO  org.springframework.scheduling.concurrent.ThreadPoolTaskExecutor - Shutting down ExecutorService 'applicationTaskExecutor'
1-2019-12-27 14:16:57 [Thread-18] INFO  org.springframework.orm.jpa.LocalContainerEntityManagerFactoryBean - Closing JPA EntityManagerFactory for persistence unit 'default'
1-2019-12-27 14:16:57 [Thread-18] INFO  org.hibernate.tool.schema.internal.SchemaDropperImpl$DelayedDropActionImpl - HHH000477: Starting delayed evictData of schema as part of SessionFactory shut-down'
1-2019-12-27 14:16:57 [Thread-18] INFO  com.alibaba.druid.pool.DruidDataSource - {dataSource-1} closing ...
1-2019-12-27 14:16:57 [Thread-18] INFO  com.alibaba.druid.pool.DruidDataSource - {dataSource-1} closed
1-2019-12-27 14:33:24 [main] INFO  com.cicoding.integration.MmWebApplication - Starting MmWebApplication on wangjundeMBP.lan with PID 4308 (/Users/wangjun/java-local/spring-boot/cicoding-web/target/classes started by wangjun in /Users/wangjun/java-local/spring-boot)
1-2019-12-27 14:33:24 [main] INFO  com.cicoding.integration.MmWebApplication - The following profiles are active: dev
1-2019-12-27 14:33:25 [main] INFO  org.springframework.data.repository.config.RepositoryConfigurationDelegate - Multiple Spring Data modules found, entering strict repository configuration mode!
1-2019-12-27 14:33:25 [main] INFO  org.springframework.data.repository.config.RepositoryConfigurationDelegate - Bootstrapping Spring Data repositories in DEFAULT mode.
1-2019-12-27 14:33:25 [main] INFO  org.springframework.data.repository.config.RepositoryConfigurationExtensionSupport - Spring Data JPA - Could not safely identify store assignment for repository candidate interface com.cicoding.integration.mongo.MyMongoRepository.
1-2019-12-27 14:33:25 [main] INFO  org.springframework.data.repository.config.RepositoryConfigurationDelegate - Finished Spring Data repository scanning in 91ms. Found 1 repository interfaces.
1-2019-12-27 14:33:25 [main] INFO  org.springframework.data.repository.config.RepositoryConfigurationDelegate - Multiple Spring Data modules found, entering strict repository configuration mode!
1-2019-12-27 14:33:25 [main] INFO  org.springframework.data.repository.config.RepositoryConfigurationDelegate - Bootstrapping Spring Data repositories in DEFAULT mode.
1-2019-12-27 14:33:25 [main] INFO  org.springframework.data.repository.config.RepositoryConfigurationExtensionSupport - Spring Data MongoDB - Could not safely identify store assignment for repository candidate interface com.cicoding.integration.UserRepository.
1-2019-12-27 14:33:25 [main] INFO  org.springframework.data.repository.config.RepositoryConfigurationDelegate - Finished Spring Data repository scanning in 9ms. Found 1 repository interfaces.
1-2019-12-27 14:33:25 [main] INFO  org.springframework.data.repository.config.RepositoryConfigurationDelegate - Multiple Spring Data modules found, entering strict repository configuration mode!
1-2019-12-27 14:33:25 [main] INFO  org.springframework.data.repository.config.RepositoryConfigurationDelegate - Bootstrapping Spring Data repositories in DEFAULT mode.
1-2019-12-27 14:33:25 [main] INFO  org.springframework.data.repository.config.RepositoryConfigurationExtensionSupport - Spring Data Redis - Could not safely identify store assignment for repository candidate interface com.cicoding.integration.mongo.MyMongoRepository.
1-2019-12-27 14:33:25 [main] INFO  org.springframework.data.repository.config.RepositoryConfigurationExtensionSupport - Spring Data Redis - Could not safely identify store assignment for repository candidate interface com.cicoding.integration.UserRepository.
1-2019-12-27 14:33:25 [main] INFO  org.springframework.data.repository.config.RepositoryConfigurationDelegate - Finished Spring Data repository scanning in 6ms. Found 0 repository interfaces.
1-2019-12-27 14:33:25 [main] INFO  org.springframework.context.support.PostProcessorRegistrationDelegate$BeanPostProcessorChecker - Bean 'org.springframework.transaction.annotation.ProxyTransactionManagementConfiguration' of type [org.springframework.transaction.annotation.ProxyTransactionManagementConfiguration$$EnhancerBySpringCGLIB$$625adfe1] is not eligible for getting processed by all BeanPostProcessors (for example: not eligible for auto-proxying)
1-2019-12-27 14:33:26 [main] INFO  org.springframework.context.support.PostProcessorRegistrationDelegate$BeanPostProcessorChecker - Bean 'org.springframework.hateoas.config.HateoasConfiguration' of type [org.springframework.hateoas.config.HateoasConfiguration$$EnhancerBySpringCGLIB$$e1db2d13] is not eligible for getting processed by all BeanPostProcessors (for example: not eligible for auto-proxying)
1-2019-12-27 14:33:26 [main] INFO  org.springframework.boot.web.embedded.tomcat.TomcatWebServer - Tomcat initialized with port(s): 8898 (http)
1-2019-12-27 14:33:26 [main] INFO  org.apache.coyote.http11.Http11NioProtocol - Initializing ProtocolHandler ["http-nio-8898"]
1-2019-12-27 14:33:26 [main] INFO  org.apache.catalina.core.StandardService - Starting service [Tomcat]
1-2019-12-27 14:33:26 [main] INFO  org.apache.catalina.core.StandardEngine - Starting Servlet Engine: Apache Tomcat/9.0.13
1-2019-12-27 14:33:26 [main] INFO  org.apache.catalina.core.AprLifecycleListener - The APR based Apache Tomcat Native library which allows optimal performance in production environments was not found on the java.library.path: [/Users/wangjun/Library/Java/Extensions:/Library/Java/Extensions:/Network/Library/Java/Extensions:/System/Library/Java/Extensions:/usr/lib/java:.]
1-2019-12-27 14:33:26 [main] INFO  org.apache.catalina.core.ContainerBase.[Tomcat].[localhost].[/] - Initializing Spring embedded WebApplicationContext
1-2019-12-27 14:33:26 [main] INFO  org.springframework.web.context.ContextLoader - Root WebApplicationContext: initialization completed in 2629 ms
1-2019-12-27 14:33:27 [main] INFO  com.alibaba.druid.pool.DruidDataSource - {dataSource-1} inited
1-2019-12-27 14:33:27 [main] INFO  org.hibernate.jpa.internal.util.LogHelper - HHH000204: Processing PersistenceUnitInfo [
	name: default
	...]
1-2019-12-27 14:33:27 [main] INFO  org.hibernate.Version - HHH000412: Hibernate Core {5.3.7.Final}
1-2019-12-27 14:33:27 [main] INFO  org.hibernate.cfg.Environment - HHH000206: hibernate.properties not found
1-2019-12-27 14:33:27 [main] INFO  org.hibernate.annotations.common.Version - HCANN000001: Hibernate Commons Annotations {5.0.4.Final}
1-2019-12-27 14:33:28 [main] INFO  org.hibernate.dialect.Dialect - HHH000400: Using dialect: org.hibernate.dialect.MySQL5Dialect
1-2019-12-27 14:33:29 [main] INFO  org.hibernate.tool.schema.internal.SchemaCreatorImpl - HHH000476: Executing import script 'org.hibernate.tool.schema.internal.exec.ScriptSourceInputNonExistentImpl@1ef04613'
1-2019-12-27 14:33:29 [main] INFO  org.springframework.orm.jpa.LocalContainerEntityManagerFactoryBean - Initialized JPA EntityManagerFactory for persistence unit 'default'
1-2019-12-27 14:33:29 [main] INFO  org.mongodb.driver.cluster - Cluster created with settings {hosts=[localhost:27017], mode=SINGLE, requiredClusterType=UNKNOWN, serverSelectionTimeout='30000 ms', maxWaitQueueSize=500}
1-2019-12-27 14:33:30 [cluster-ClusterId{value='5e05a5b9061a8a10d4fcc118', description='null'}-localhost:27017] INFO  org.mongodb.driver.connection - Opened connection [connectionId{localValue:1, serverValue:12}] to localhost:27017
1-2019-12-27 14:33:30 [cluster-ClusterId{value='5e05a5b9061a8a10d4fcc118', description='null'}-localhost:27017] INFO  org.mongodb.driver.cluster - Monitor thread successfully connected to server with description ServerDescription{address=localhost:27017, type=STANDALONE, state=CONNECTED, ok=true, version=ServerVersion{versionList=[4, 2, 1]}, minWireVersion=0, maxWireVersion=8, maxDocumentSize=16777216, logicalSessionTimeoutMinutes=30, roundTripTimeNanos=2957355}
1-2019-12-27 14:33:30 [main] WARN  org.springframework.boot.autoconfigure.orm.jpa.JpaBaseConfiguration$JpaWebConfiguration$JpaWebMvcConfiguration - spring.jpa.open-in-view is enabled by default. Therefore, database queries may be performed during view rendering. Explicitly configure spring.jpa.open-in-view to disable this warning
1-2019-12-27 14:33:30 [main] INFO  org.springframework.scheduling.concurrent.ThreadPoolTaskExecutor - Initializing ExecutorService 'applicationTaskExecutor'
1-2019-12-27 14:33:31 [main] INFO  springfox.documentation.spring.web.plugins.DocumentationPluginsBootstrapper - Context refreshed
1-2019-12-27 14:33:31 [main] INFO  springfox.documentation.spring.web.plugins.DocumentationPluginsBootstrapper - Found {0} custom documentation plugin(s)
1-2019-12-27 14:33:31 [main] INFO  springfox.documentation.spring.web.scanners.ApiListingReferenceScanner - Scanning for api listing references
1-2019-12-27 14:33:31 [main] INFO  springfox.documentation.swagger.web.ClassOrApiAnnotationResourceGrouping - Group for method list was user-controller
1-2019-12-27 14:33:31 [main] INFO  springfox.documentation.spring.web.scanners.ApiListingReferenceScanner - Request mapping: list belongs to groups: [[ResourceGroup{groupName='user-controller', position=0, controller=com.cicoding.integration.web.UserController}]] 
1-2019-12-27 14:33:31 [main] INFO  springfox.documentation.swagger.web.ClassOrApiAnnotationResourceGrouping - Group for method mongo was user-controller
1-2019-12-27 14:33:31 [main] INFO  springfox.documentation.spring.web.scanners.ApiListingReferenceScanner - Request mapping: mongo belongs to groups: [[ResourceGroup{groupName='user-controller', position=0, controller=com.cicoding.integration.web.UserController}]] 
1-2019-12-27 14:33:31 [main] INFO  springfox.documentation.swagger.web.ClassOrApiAnnotationResourceGrouping - Group for method postUser was user-controller
1-2019-12-27 14:33:31 [main] INFO  springfox.documentation.spring.web.scanners.ApiListingReferenceScanner - Request mapping: postUser belongs to groups: [[ResourceGroup{groupName='user-controller', position=0, controller=com.cicoding.integration.web.UserController}]] 
1-2019-12-27 14:33:31 [main] INFO  springfox.documentation.spring.web.scanners.ApiListingReferenceScanner - Created resource listing Path: /default/user-controller Description: user-controller Position: 0
1-2019-12-27 14:33:31 [main] INFO  springfox.documentation.schema.ModelContextKeyGenerator - Cache Key Generated: java.util.List(true)
1-2019-12-27 14:33:31 [main] INFO  springfox.documentation.spring.web.caching.CachingAspect - Caching aspect applied for cache models with key java.util.List(true)
1-2019-12-27 14:33:31 [main] INFO  springfox.documentation.schema.ModelContextKeyGenerator - Cache Key Generated: java.util.List(true)
1-2019-12-27 14:33:31 [main] INFO  springfox.documentation.spring.web.caching.CachingAspect - Caching aspect applied for cache modelDependencies with key java.util.List(true)
1-2019-12-27 14:33:31 [main] INFO  springfox.documentation.schema.property.ModelPropertiesKeyGenerator - Cache key generated: java.util.List(true)
1-2019-12-27 14:33:31 [main] INFO  springfox.documentation.spring.web.caching.CachingAspect - Caching aspect applied for cache modelProperties with key java.util.List(true)
1-2019-12-27 14:33:31 [main] INFO  springfox.documentation.spring.web.OperationsKeyGenerator - Cache key generated: /user/list.com.cicoding.integration.web.UserController.list.DefaultGenericTypeNamingStrategy
1-2019-12-27 14:33:31 [main] INFO  springfox.documentation.spring.web.caching.CachingAspect - Caching aspect applied for cache operations with key /user/list.com.cicoding.integration.web.UserController.list.DefaultGenericTypeNamingStrategy
1-2019-12-27 14:33:31 [main] INFO  springfox.documentation.swagger.web.ClassOrApiAnnotationResourceGrouping - Group for method list was user-controller
1-2019-12-27 14:33:31 [main] INFO  springfox.documentation.swagger.web.ClassOrApiAnnotationResourceGrouping - Group for method list was user-controller
1-2019-12-27 14:33:31 [main] INFO  springfox.documentation.schema.ModelContextKeyGenerator - Cache Key Generated: java.lang.String(true)
1-2019-12-27 14:33:31 [main] INFO  springfox.documentation.spring.web.caching.CachingAspect - Caching aspect applied for cache models with key java.lang.String(true)
1-2019-12-27 14:33:31 [main] INFO  springfox.documentation.schema.ModelContextKeyGenerator - Cache Key Generated: java.lang.String(true)
1-2019-12-27 14:33:31 [main] INFO  springfox.documentation.spring.web.caching.CachingAspect - Caching aspect applied for cache modelDependencies with key java.lang.String(true)
1-2019-12-27 14:33:31 [main] INFO  springfox.documentation.spring.web.OperationsKeyGenerator - Cache key generated: /user/mongo.com.cicoding.integration.web.UserController.mongo.DefaultGenericTypeNamingStrategy
1-2019-12-27 14:33:31 [main] INFO  springfox.documentation.spring.web.caching.CachingAspect - Caching aspect applied for cache operations with key /user/mongo.com.cicoding.integration.web.UserController.mongo.DefaultGenericTypeNamingStrategy
1-2019-12-27 14:33:31 [main] INFO  springfox.documentation.swagger.web.ClassOrApiAnnotationResourceGrouping - Group for method mongo was user-controller
1-2019-12-27 14:33:31 [main] INFO  springfox.documentation.swagger.web.ClassOrApiAnnotationResourceGrouping - Group for method mongo was user-controller
1-2019-12-27 14:33:31 [main] INFO  springfox.documentation.schema.ModelContextKeyGenerator - Cache Key Generated: java.lang.String(true)
1-2019-12-27 14:33:31 [main] INFO  springfox.documentation.spring.web.caching.CachingAspect - Caching aspect applied for cache models with key java.lang.String(true)
1-2019-12-27 14:33:31 [main] INFO  springfox.documentation.schema.ModelContextKeyGenerator - Cache Key Generated: java.lang.String(true)
1-2019-12-27 14:33:31 [main] INFO  springfox.documentation.spring.web.caching.CachingAspect - Caching aspect applied for cache modelDependencies with key java.lang.String(true)
1-2019-12-27 14:33:31 [main] INFO  springfox.documentation.spring.web.OperationsKeyGenerator - Cache key generated: /user/redis.com.cicoding.integration.web.UserController.postUser.DefaultGenericTypeNamingStrategy
1-2019-12-27 14:33:31 [main] INFO  springfox.documentation.spring.web.caching.CachingAspect - Caching aspect applied for cache operations with key /user/redis.com.cicoding.integration.web.UserController.postUser.DefaultGenericTypeNamingStrategy
1-2019-12-27 14:33:31 [main] INFO  springfox.documentation.swagger.web.ClassOrApiAnnotationResourceGrouping - Group for method postUser was user-controller
1-2019-12-27 14:33:31 [main] INFO  springfox.documentation.swagger.web.ClassOrApiAnnotationResourceGrouping - Group for method postUser was user-controller
1-2019-12-27 14:33:31 [main] INFO  org.apache.coyote.http11.Http11NioProtocol - Starting ProtocolHandler ["http-nio-8898"]
1-2019-12-27 14:33:31 [main] INFO  org.apache.tomcat.util.net.NioSelectorPool - Using a shared selector for servlet write/read
1-2019-12-27 14:33:31 [main] INFO  org.springframework.boot.web.embedded.tomcat.TomcatWebServer - Tomcat started on port(s): 8898 (http) with context path ''
1-2019-12-27 14:33:31 [main] INFO  com.cicoding.integration.MmWebApplication - Started MmWebApplication in 8.738 seconds (JVM running for 9.564)
1-2019-12-27 14:33:38 [Thread-20] INFO  org.springframework.scheduling.concurrent.ThreadPoolTaskExecutor - Shutting down ExecutorService 'applicationTaskExecutor'
1-2019-12-27 14:33:38 [Thread-20] INFO  org.springframework.orm.jpa.LocalContainerEntityManagerFactoryBean - Closing JPA EntityManagerFactory for persistence unit 'default'
1-2019-12-27 14:33:38 [Thread-20] INFO  org.hibernate.tool.schema.internal.SchemaDropperImpl$DelayedDropActionImpl - HHH000477: Starting delayed evictData of schema as part of SessionFactory shut-down'
1-2019-12-27 14:34:42 [main] INFO  com.cicoding.integration.MmWebApplication - Starting MmWebApplication on wangjundeMBP.lan with PID 4341 (/Users/wangjun/java-local/spring-boot/cicoding-web/target/classes started by wangjun in /Users/wangjun/java-local/spring-boot)
1-2019-12-27 14:34:42 [main] INFO  com.cicoding.integration.MmWebApplication - The following profiles are active: dev
1-2019-12-27 14:34:43 [main] INFO  org.springframework.data.repository.config.RepositoryConfigurationDelegate - Multiple Spring Data modules found, entering strict repository configuration mode!
1-2019-12-27 14:34:43 [main] INFO  org.springframework.data.repository.config.RepositoryConfigurationDelegate - Bootstrapping Spring Data repositories in DEFAULT mode.
1-2019-12-27 14:34:43 [main] INFO  org.springframework.data.repository.config.RepositoryConfigurationExtensionSupport - Spring Data JPA - Could not safely identify store assignment for repository candidate interface com.cicoding.integration.mongo.MyMongoRepository.
1-2019-12-27 14:34:43 [main] INFO  org.springframework.data.repository.config.RepositoryConfigurationDelegate - Finished Spring Data repository scanning in 61ms. Found 1 repository interfaces.
1-2019-12-27 14:34:43 [main] INFO  org.springframework.data.repository.config.RepositoryConfigurationDelegate - Multiple Spring Data modules found, entering strict repository configuration mode!
1-2019-12-27 14:34:43 [main] INFO  org.springframework.data.repository.config.RepositoryConfigurationDelegate - Bootstrapping Spring Data repositories in DEFAULT mode.
1-2019-12-27 14:34:43 [main] INFO  org.springframework.data.repository.config.RepositoryConfigurationExtensionSupport - Spring Data MongoDB - Could not safely identify store assignment for repository candidate interface com.cicoding.integration.UserRepository.
1-2019-12-27 14:34:43 [main] INFO  org.springframework.data.repository.config.RepositoryConfigurationDelegate - Finished Spring Data repository scanning in 8ms. Found 1 repository interfaces.
1-2019-12-27 14:34:43 [main] INFO  org.springframework.data.repository.config.RepositoryConfigurationDelegate - Multiple Spring Data modules found, entering strict repository configuration mode!
1-2019-12-27 14:34:43 [main] INFO  org.springframework.data.repository.config.RepositoryConfigurationDelegate - Bootstrapping Spring Data repositories in DEFAULT mode.
1-2019-12-27 14:34:43 [main] INFO  org.springframework.data.repository.config.RepositoryConfigurationExtensionSupport - Spring Data Redis - Could not safely identify store assignment for repository candidate interface com.cicoding.integration.mongo.MyMongoRepository.
1-2019-12-27 14:34:43 [main] INFO  org.springframework.data.repository.config.RepositoryConfigurationExtensionSupport - Spring Data Redis - Could not safely identify store assignment for repository candidate interface com.cicoding.integration.UserRepository.
1-2019-12-27 14:34:43 [main] INFO  org.springframework.data.repository.config.RepositoryConfigurationDelegate - Finished Spring Data repository scanning in 3ms. Found 0 repository interfaces.
1-2019-12-27 14:34:44 [main] INFO  org.springframework.context.support.PostProcessorRegistrationDelegate$BeanPostProcessorChecker - Bean 'org.springframework.transaction.annotation.ProxyTransactionManagementConfiguration' of type [org.springframework.transaction.annotation.ProxyTransactionManagementConfiguration$$EnhancerBySpringCGLIB$$de4e2b14] is not eligible for getting processed by all BeanPostProcessors (for example: not eligible for auto-proxying)
1-2019-12-27 14:34:44 [main] INFO  org.springframework.context.support.PostProcessorRegistrationDelegate$BeanPostProcessorChecker - Bean 'org.springframework.hateoas.config.HateoasConfiguration' of type [org.springframework.hateoas.config.HateoasConfiguration$$EnhancerBySpringCGLIB$$5dce7846] is not eligible for getting processed by all BeanPostProcessors (for example: not eligible for auto-proxying)
1-2019-12-27 14:34:44 [main] INFO  org.springframework.boot.web.embedded.tomcat.TomcatWebServer - Tomcat initialized with port(s): 8898 (http)
1-2019-12-27 14:34:44 [main] INFO  org.apache.coyote.http11.Http11NioProtocol - Initializing ProtocolHandler ["http-nio-8898"]
1-2019-12-27 14:34:44 [main] INFO  org.apache.catalina.core.StandardService - Starting service [Tomcat]
1-2019-12-27 14:34:44 [main] INFO  org.apache.catalina.core.StandardEngine - Starting Servlet Engine: Apache Tomcat/9.0.13
1-2019-12-27 14:34:44 [main] INFO  org.apache.catalina.core.AprLifecycleListener - The APR based Apache Tomcat Native library which allows optimal performance in production environments was not found on the java.library.path: [/Users/wangjun/Library/Java/Extensions:/Library/Java/Extensions:/Network/Library/Java/Extensions:/System/Library/Java/Extensions:/usr/lib/java:.]
1-2019-12-27 14:34:44 [main] INFO  org.apache.catalina.core.ContainerBase.[Tomcat].[localhost].[/] - Initializing Spring embedded WebApplicationContext
1-2019-12-27 14:34:44 [main] INFO  org.springframework.web.context.ContextLoader - Root WebApplicationContext: initialization completed in 2173 ms
1-2019-12-27 14:34:45 [main] INFO  com.alibaba.druid.pool.DruidDataSource - {dataSource-1} inited
1-2019-12-27 14:34:45 [main] INFO  org.hibernate.jpa.internal.util.LogHelper - HHH000204: Processing PersistenceUnitInfo [
	name: default
	...]
1-2019-12-27 14:34:45 [main] INFO  org.hibernate.Version - HHH000412: Hibernate Core {5.3.7.Final}
1-2019-12-27 14:34:45 [main] INFO  org.hibernate.cfg.Environment - HHH000206: hibernate.properties not found
1-2019-12-27 14:34:45 [main] INFO  org.hibernate.annotations.common.Version - HCANN000001: Hibernate Commons Annotations {5.0.4.Final}
1-2019-12-27 14:34:45 [main] INFO  org.hibernate.dialect.Dialect - HHH000400: Using dialect: org.hibernate.dialect.MySQL5Dialect
1-2019-12-27 14:34:46 [main] INFO  org.hibernate.tool.schema.internal.SchemaCreatorImpl - HHH000476: Executing import script 'org.hibernate.tool.schema.internal.exec.ScriptSourceInputNonExistentImpl@118e2487'
1-2019-12-27 14:34:46 [main] INFO  org.springframework.orm.jpa.LocalContainerEntityManagerFactoryBean - Initialized JPA EntityManagerFactory for persistence unit 'default'
1-2019-12-27 14:34:46 [main] INFO  org.mongodb.driver.cluster - Cluster created with settings {hosts=[localhost:27017], mode=SINGLE, requiredClusterType=UNKNOWN, serverSelectionTimeout='30000 ms', maxWaitQueueSize=500}
1-2019-12-27 14:34:47 [cluster-ClusterId{value='5e05a606061a8a10f5da1470', description='null'}-localhost:27017] INFO  org.mongodb.driver.connection - Opened connection [connectionId{localValue:1, serverValue:13}] to localhost:27017
1-2019-12-27 14:34:47 [cluster-ClusterId{value='5e05a606061a8a10f5da1470', description='null'}-localhost:27017] INFO  org.mongodb.driver.cluster - Monitor thread successfully connected to server with description ServerDescription{address=localhost:27017, type=STANDALONE, state=CONNECTED, ok=true, version=ServerVersion{versionList=[4, 2, 1]}, minWireVersion=0, maxWireVersion=8, maxDocumentSize=16777216, logicalSessionTimeoutMinutes=30, roundTripTimeNanos=2917424}
1-2019-12-27 14:34:47 [main] WARN  org.springframework.boot.autoconfigure.orm.jpa.JpaBaseConfiguration$JpaWebConfiguration$JpaWebMvcConfiguration - spring.jpa.open-in-view is enabled by default. Therefore, database queries may be performed during view rendering. Explicitly configure spring.jpa.open-in-view to disable this warning
1-2019-12-27 14:34:47 [main] INFO  org.springframework.scheduling.concurrent.ThreadPoolTaskExecutor - Initializing ExecutorService 'applicationTaskExecutor'
1-2019-12-27 14:34:48 [main] INFO  springfox.documentation.spring.web.plugins.DocumentationPluginsBootstrapper - Context refreshed
1-2019-12-27 14:34:48 [main] INFO  springfox.documentation.spring.web.plugins.DocumentationPluginsBootstrapper - Found {0} custom documentation plugin(s)
1-2019-12-27 14:34:48 [main] INFO  springfox.documentation.spring.web.scanners.ApiListingReferenceScanner - Scanning for api listing references
1-2019-12-27 14:34:48 [main] INFO  springfox.documentation.swagger.web.ClassOrApiAnnotationResourceGrouping - Group for method list was user-controller
1-2019-12-27 14:34:48 [main] INFO  springfox.documentation.spring.web.scanners.ApiListingReferenceScanner - Request mapping: list belongs to groups: [[ResourceGroup{groupName='user-controller', position=0, controller=com.cicoding.integration.web.UserController}]] 
1-2019-12-27 14:34:48 [main] INFO  springfox.documentation.swagger.web.ClassOrApiAnnotationResourceGrouping - Group for method mongo was user-controller
1-2019-12-27 14:34:48 [main] INFO  springfox.documentation.spring.web.scanners.ApiListingReferenceScanner - Request mapping: mongo belongs to groups: [[ResourceGroup{groupName='user-controller', position=0, controller=com.cicoding.integration.web.UserController}]] 
1-2019-12-27 14:34:48 [main] INFO  springfox.documentation.swagger.web.ClassOrApiAnnotationResourceGrouping - Group for method postUser was user-controller
1-2019-12-27 14:34:48 [main] INFO  springfox.documentation.spring.web.scanners.ApiListingReferenceScanner - Request mapping: postUser belongs to groups: [[ResourceGroup{groupName='user-controller', position=0, controller=com.cicoding.integration.web.UserController}]] 
1-2019-12-27 14:34:48 [main] INFO  springfox.documentation.spring.web.scanners.ApiListingReferenceScanner - Created resource listing Path: /default/user-controller Description: user-controller Position: 0
1-2019-12-27 14:34:48 [main] INFO  springfox.documentation.schema.ModelContextKeyGenerator - Cache Key Generated: java.util.List(true)
1-2019-12-27 14:34:48 [main] INFO  springfox.documentation.spring.web.caching.CachingAspect - Caching aspect applied for cache models with key java.util.List(true)
1-2019-12-27 14:34:48 [main] INFO  springfox.documentation.schema.ModelContextKeyGenerator - Cache Key Generated: java.util.List(true)
1-2019-12-27 14:34:48 [main] INFO  springfox.documentation.spring.web.caching.CachingAspect - Caching aspect applied for cache modelDependencies with key java.util.List(true)
1-2019-12-27 14:34:48 [main] INFO  springfox.documentation.schema.property.ModelPropertiesKeyGenerator - Cache key generated: java.util.List(true)
1-2019-12-27 14:34:48 [main] INFO  springfox.documentation.spring.web.caching.CachingAspect - Caching aspect applied for cache modelProperties with key java.util.List(true)
1-2019-12-27 14:34:48 [main] INFO  springfox.documentation.spring.web.OperationsKeyGenerator - Cache key generated: /user/list.com.cicoding.integration.web.UserController.list.DefaultGenericTypeNamingStrategy
1-2019-12-27 14:34:48 [main] INFO  springfox.documentation.spring.web.caching.CachingAspect - Caching aspect applied for cache operations with key /user/list.com.cicoding.integration.web.UserController.list.DefaultGenericTypeNamingStrategy
1-2019-12-27 14:34:48 [main] INFO  springfox.documentation.swagger.web.ClassOrApiAnnotationResourceGrouping - Group for method list was user-controller
1-2019-12-27 14:34:48 [main] INFO  springfox.documentation.swagger.web.ClassOrApiAnnotationResourceGrouping - Group for method list was user-controller
1-2019-12-27 14:34:48 [main] INFO  springfox.documentation.schema.ModelContextKeyGenerator - Cache Key Generated: java.lang.String(true)
1-2019-12-27 14:34:48 [main] INFO  springfox.documentation.spring.web.caching.CachingAspect - Caching aspect applied for cache models with key java.lang.String(true)
1-2019-12-27 14:34:48 [main] INFO  springfox.documentation.schema.ModelContextKeyGenerator - Cache Key Generated: java.lang.String(true)
1-2019-12-27 14:34:48 [main] INFO  springfox.documentation.spring.web.caching.CachingAspect - Caching aspect applied for cache modelDependencies with key java.lang.String(true)
1-2019-12-27 14:34:48 [main] INFO  springfox.documentation.spring.web.OperationsKeyGenerator - Cache key generated: /user/mongo.com.cicoding.integration.web.UserController.mongo.DefaultGenericTypeNamingStrategy
1-2019-12-27 14:34:48 [main] INFO  springfox.documentation.spring.web.caching.CachingAspect - Caching aspect applied for cache operations with key /user/mongo.com.cicoding.integration.web.UserController.mongo.DefaultGenericTypeNamingStrategy
1-2019-12-27 14:34:48 [main] INFO  springfox.documentation.swagger.web.ClassOrApiAnnotationResourceGrouping - Group for method mongo was user-controller
1-2019-12-27 14:34:48 [main] INFO  springfox.documentation.swagger.web.ClassOrApiAnnotationResourceGrouping - Group for method mongo was user-controller
1-2019-12-27 14:34:48 [main] INFO  springfox.documentation.schema.ModelContextKeyGenerator - Cache Key Generated: java.lang.String(true)
1-2019-12-27 14:34:48 [main] INFO  springfox.documentation.spring.web.caching.CachingAspect - Caching aspect applied for cache models with key java.lang.String(true)
1-2019-12-27 14:34:48 [main] INFO  springfox.documentation.schema.ModelContextKeyGenerator - Cache Key Generated: java.lang.String(true)
1-2019-12-27 14:34:48 [main] INFO  springfox.documentation.spring.web.caching.CachingAspect - Caching aspect applied for cache modelDependencies with key java.lang.String(true)
1-2019-12-27 14:34:48 [main] INFO  springfox.documentation.spring.web.OperationsKeyGenerator - Cache key generated: /user/redis.com.cicoding.integration.web.UserController.postUser.DefaultGenericTypeNamingStrategy
1-2019-12-27 14:34:48 [main] INFO  springfox.documentation.spring.web.caching.CachingAspect - Caching aspect applied for cache operations with key /user/redis.com.cicoding.integration.web.UserController.postUser.DefaultGenericTypeNamingStrategy
1-2019-12-27 14:34:48 [main] INFO  springfox.documentation.swagger.web.ClassOrApiAnnotationResourceGrouping - Group for method postUser was user-controller
1-2019-12-27 14:34:48 [main] INFO  springfox.documentation.swagger.web.ClassOrApiAnnotationResourceGrouping - Group for method postUser was user-controller
1-2019-12-27 14:34:48 [main] INFO  org.apache.coyote.http11.Http11NioProtocol - Starting ProtocolHandler ["http-nio-8898"]
1-2019-12-27 14:34:48 [main] INFO  org.apache.tomcat.util.net.NioSelectorPool - Using a shared selector for servlet write/read
1-2019-12-27 14:34:48 [main] INFO  org.springframework.boot.web.embedded.tomcat.TomcatWebServer - Tomcat started on port(s): 8898 (http) with context path ''
1-2019-12-27 14:34:48 [main] INFO  com.cicoding.integration.MmWebApplication - Started MmWebApplication in 6.574 seconds (JVM running for 7.356)
1-2019-12-27 14:34:54 [Thread-15] INFO  org.springframework.scheduling.concurrent.ThreadPoolTaskExecutor - Shutting down ExecutorService 'applicationTaskExecutor'
1-2019-12-27 14:34:54 [Thread-15] INFO  org.springframework.orm.jpa.LocalContainerEntityManagerFactoryBean - Closing JPA EntityManagerFactory for persistence unit 'default'
1-2019-12-27 14:34:54 [Thread-15] INFO  org.hibernate.tool.schema.internal.SchemaDropperImpl$DelayedDropActionImpl - HHH000477: Starting delayed evictData of schema as part of SessionFactory shut-down'
1-2019-12-27 14:34:54 [Thread-15] INFO  com.alibaba.druid.pool.DruidDataSource - {dataSource-1} closing ...
1-2019-12-27 14:34:54 [Thread-15] INFO  com.alibaba.druid.pool.DruidDataSource - {dataSource-1} closed
